<?xml version="1.0" encoding="UTF-8" ?>
<testsuites>
  <testsuite errors="0" failures="0" hostname="ws-181-77.han.nl" id="0" name="boardTests" package="mastermind" tests="1" time="0.036" timestamp="2011-09-19T08:25:05">
      <properties>
[...]
</properties>

      <testcase classname="mastermind.boardTests" name="testForCorrectColorInput" time="0.0090" />

      <system-out><![CDATA[Board has been set up.
]]></system-out>

      <system-err><![CDATA[]]></system-err>

  </testsuite>
  <testsuite errors="0" failures="0" hostname="ws-181-77.han.nl" id="1" name="hintTests" package="mastermind" tests="5" time="0.013" timestamp="2011-09-19T08:25:05">
      <properties>
[...]
</properties>

      <testcase classname="mastermind.hintTests" name="testOnlyOneCorrectPin" time="0.0020" />

      <testcase classname="mastermind.hintTests" name="testOnlyOneCorrectPinAndOneMisplaced" time="0.0" />

      <testcase classname="mastermind.hintTests" name="testAllPinsCorrect" time="0.0" />

      <testcase classname="mastermind.hintTests" name="testAllPinsMisplaced" time="0.0" />

      <testcase classname="mastermind.hintTests" name="testAllPinsIncorrect" time="0.0" />

      <system-out><![CDATA[]]></system-out>

      <system-err><![CDATA[]]></system-err>

  </testsuite>
</testsuites>
